{"/Users/emsiri/work/destiny2-builder/server/app.js": {"path":"/Users/emsiri/work/destiny2-builder/server/app.js","statementMap":{"0":{"start":{"line":5,"column":12},"end":{"line":5,"column":21}},"1":{"start":{"line":7,"column":0},"end":{"line":7,"column":16}},"2":{"start":{"line":8,"column":0},"end":{"line":8,"column":24}},"3":{"start":{"line":10,"column":0},"end":{"line":12,"column":3}},"4":{"start":{"line":11,"column":2},"end":{"line":11,"column":22}},"5":{"start":{"line":14,"column":0},"end":{"line":25,"column":3}},"6":{"start":{"line":15,"column":2},"end":{"line":24,"column":3}},"7":{"start":{"line":16,"column":17},"end":{"line":16,"column":77}},"8":{"start":{"line":17,"column":4},"end":{"line":21,"column":7}},"9":{"start":{"line":23,"column":4},"end":{"line":23,"column":14}}},"fnMap":{"0":{"name":"(anonymous_0)","decl":{"start":{"line":10,"column":22},"end":{"line":10,"column":23}},"loc":{"start":{"line":10,"column":36},"end":{"line":12,"column":1}},"line":10},"1":{"name":"(anonymous_1)","decl":{"start":{"line":14,"column":43},"end":{"line":14,"column":44}},"loc":{"start":{"line":14,"column":69},"end":{"line":25,"column":1}},"line":14}},"branchMap":{},"s":{"0":1,"1":1,"2":1,"3":1,"4":1,"5":1,"6":2,"7":2,"8":1,"9":1},"f":{"0":1,"1":2},"b":{},"inputSourceMap":null,"_coverageSchema":"1a1c01bbd47fc00a2c39e90264f33305004495a9","hash":"0bb8409c2c9ccb6080eefce62cacc489edf74aa9"}
,"/Users/emsiri/work/destiny2-builder/server/controller.js": {"path":"/Users/emsiri/work/destiny2-builder/server/controller.js","statementMap":{"0":{"start":{"line":4,"column":22},"end":{"line":4,"column":26}},"1":{"start":{"line":5,"column":2},"end":{"line":7,"column":4}},"2":{"start":{"line":8,"column":33},"end":{"line":10,"column":3}},"3":{"start":{"line":9,"column":4},"end":{"line":9,"column":30}},"4":{"start":{"line":11,"column":2},"end":{"line":11,"column":32}}},"fnMap":{"0":{"name":"parseEquippedItems","decl":{"start":{"line":3,"column":16},"end":{"line":3,"column":34}},"loc":{"start":{"line":3,"column":41},"end":{"line":12,"column":1}},"line":3},"1":{"name":"(anonymous_1)","decl":{"start":{"line":8,"column":53},"end":{"line":8,"column":54}},"loc":{"start":{"line":9,"column":4},"end":{"line":9,"column":30}},"line":9}},"branchMap":{},"s":{"0":2,"1":1,"2":1,"3":17,"4":1},"f":{"0":2,"1":17},"b":{},"inputSourceMap":null,"_coverageSchema":"1a1c01bbd47fc00a2c39e90264f33305004495a9","hash":"6fd518cddfc7d6b7885f7be62f68e39d0f01746e"}
,"/Users/emsiri/work/destiny2-builder/server/getEquippedImages.js": {"path":"/Users/emsiri/work/destiny2-builder/server/getEquippedImages.js","statementMap":{"0":{"start":{"line":6,"column":2},"end":{"line":37,"column":3}},"1":{"start":{"line":7,"column":15},"end":{"line":7,"column":29}},"2":{"start":{"line":8,"column":17},"end":{"line":8,"column":68}},"3":{"start":{"line":9,"column":32},"end":{"line":9,"column":56}},"4":{"start":{"line":10,"column":24},"end":{"line":14,"column":5}},"5":{"start":{"line":12,"column":8},"end":{"line":12,"column":65}},"6":{"start":{"line":15,"column":25},"end":{"line":32,"column":6}},"7":{"start":{"line":16,"column":25},"end":{"line":16,"column":44}},"8":{"start":{"line":17,"column":31},"end":{"line":29,"column":7}},"9":{"start":{"line":31,"column":6},"end":{"line":31,"column":30}},"10":{"start":{"line":33,"column":4},"end":{"line":33,"column":16}},"11":{"start":{"line":34,"column":4},"end":{"line":34,"column":24}},"12":{"start":{"line":36,"column":4},"end":{"line":36,"column":68}}},"fnMap":{"0":{"name":"getEquippedImages","decl":{"start":{"line":5,"column":22},"end":{"line":5,"column":39}},"loc":{"start":{"line":5,"column":65},"end":{"line":38,"column":1}},"line":5},"1":{"name":"(anonymous_1)","decl":{"start":{"line":11,"column":30},"end":{"line":11,"column":31}},"loc":{"start":{"line":12,"column":8},"end":{"line":12,"column":65}},"line":12},"2":{"name":"(anonymous_2)","decl":{"start":{"line":15,"column":41},"end":{"line":15,"column":42}},"loc":{"start":{"line":15,"column":49},"end":{"line":32,"column":5}},"line":15}},"branchMap":{},"s":{"0":3,"1":3,"2":3,"3":2,"4":1,"5":17,"6":1,"7":17,"8":17,"9":17,"10":1,"11":1,"12":2},"f":{"0":3,"1":17,"2":17},"b":{},"inputSourceMap":null,"_coverageSchema":"1a1c01bbd47fc00a2c39e90264f33305004495a9","hash":"3114873b6430a9fe744711d5a54f0c93aa02a48b"}
,"/Users/emsiri/work/destiny2-builder/server/db/manifest.js": {"path":"/Users/emsiri/work/destiny2-builder/server/db/manifest.js","statementMap":{"0":{"start":{"line":3,"column":15},"end":{"line":3,"column":75}},"1":{"start":{"line":6,"column":2},"end":{"line":9,"column":5}},"2":{"start":{"line":13,"column":16},"end":{"line":13,"column":60}},"3":{"start":{"line":15,"column":17},"end":{"line":15,"column":36}},"4":{"start":{"line":16,"column":2},"end":{"line":16,"column":16}},"5":{"start":{"line":20,"column":2},"end":{"line":20,"column":19}}},"fnMap":{"0":{"name":"openDb","decl":{"start":{"line":5,"column":22},"end":{"line":5,"column":28}},"loc":{"start":{"line":5,"column":31},"end":{"line":10,"column":1}},"line":5},"1":{"name":"queryManifest","decl":{"start":{"line":12,"column":22},"end":{"line":12,"column":35}},"loc":{"start":{"line":12,"column":51},"end":{"line":17,"column":1}},"line":12},"2":{"name":"closeDB","decl":{"start":{"line":19,"column":22},"end":{"line":19,"column":29}},"loc":{"start":{"line":19,"column":34},"end":{"line":21,"column":1}},"line":19}},"branchMap":{},"s":{"0":3,"1":3,"2":17,"3":17,"4":17,"5":1},"f":{"0":3,"1":17,"2":1},"b":{},"inputSourceMap":null,"_coverageSchema":"1a1c01bbd47fc00a2c39e90264f33305004495a9","hash":"01fa1ca59857633d9885e0b8217ea1fb0c571408"}
,"/Users/emsiri/work/destiny2-builder/server/http/http.js": {"path":"/Users/emsiri/work/destiny2-builder/server/http/http.js","statementMap":{"0":{"start":{"line":3,"column":20},"end":{"line":16,"column":1}},"1":{"start":{"line":4,"column":2},"end":{"line":15,"column":3}},"2":{"start":{"line":5,"column":16},"end":{"line":10,"column":6}},"3":{"start":{"line":11,"column":25},"end":{"line":11,"column":41}},"4":{"start":{"line":12,"column":4},"end":{"line":12,"column":20}},"5":{"start":{"line":14,"column":4},"end":{"line":14,"column":68}}},"fnMap":{"0":{"name":"(anonymous_0)","decl":{"start":{"line":3,"column":20},"end":{"line":3,"column":21}},"loc":{"start":{"line":3,"column":49},"end":{"line":16,"column":1}},"line":3}},"branchMap":{},"s":{"0":1,"1":2,"2":2,"3":2,"4":2,"5":0},"f":{"0":2},"b":{},"inputSourceMap":null,"_coverageSchema":"1a1c01bbd47fc00a2c39e90264f33305004495a9","hash":"94af39038e5754ae11124581beb1f53cb438c7a4"}
,"/Users/emsiri/work/destiny2-builder/server/request/request.js": {"path":"/Users/emsiri/work/destiny2-builder/server/request/request.js","statementMap":{"0":{"start":{"line":3,"column":15},"end":{"line":3,"column":33}},"1":{"start":{"line":4,"column":16},"end":{"line":4,"column":49}},"2":{"start":{"line":5,"column":19},"end":{"line":5,"column":33}},"3":{"start":{"line":8,"column":23},"end":{"line":8,"column":121}},"4":{"start":{"line":9,"column":2},"end":{"line":17,"column":3}},"5":{"start":{"line":10,"column":14},"end":{"line":13,"column":5}},"6":{"start":{"line":14,"column":4},"end":{"line":14,"column":15}},"7":{"start":{"line":16,"column":4},"end":{"line":16,"column":71}},"8":{"start":{"line":21,"column":24},"end":{"line":21,"column":88}},"9":{"start":{"line":22,"column":12},"end":{"line":25,"column":3}},"10":{"start":{"line":26,"column":2},"end":{"line":26,"column":13}},"11":{"start":{"line":30,"column":29},"end":{"line":30,"column":104}},"12":{"start":{"line":31,"column":12},"end":{"line":31,"column":71}},"13":{"start":{"line":32,"column":2},"end":{"line":32,"column":13}},"14":{"start":{"line":36,"column":24},"end":{"line":36,"column":88}},"15":{"start":{"line":37,"column":12},"end":{"line":40,"column":3}},"16":{"start":{"line":41,"column":2},"end":{"line":41,"column":13}}},"fnMap":{"0":{"name":"getEquipmentFromChar","decl":{"start":{"line":7,"column":22},"end":{"line":7,"column":42}},"loc":{"start":{"line":7,"column":68},"end":{"line":18,"column":1}},"line":7},"1":{"name":"getCharacterIDs","decl":{"start":{"line":20,"column":22},"end":{"line":20,"column":37}},"loc":{"start":{"line":20,"column":64},"end":{"line":27,"column":1}},"line":20},"2":{"name":"getmembershipId","decl":{"start":{"line":29,"column":22},"end":{"line":29,"column":37}},"loc":{"start":{"line":29,"column":63},"end":{"line":33,"column":1}},"line":29},"3":{"name":"getVaultItems","decl":{"start":{"line":35,"column":22},"end":{"line":35,"column":35}},"loc":{"start":{"line":35,"column":62},"end":{"line":42,"column":1}},"line":35}},"branchMap":{},"s":{"0":3,"1":3,"2":3,"3":3,"4":3,"5":3,"6":2,"7":1,"8":0,"9":0,"10":0,"11":0,"12":0,"13":0,"14":0,"15":0,"16":0},"f":{"0":3,"1":0,"2":0,"3":0},"b":{},"inputSourceMap":null,"_coverageSchema":"1a1c01bbd47fc00a2c39e90264f33305004495a9","hash":"d19713f730bb2d0ac7e126a43ceab50a99e2dd9e"}
,"/Users/emsiri/work/destiny2-builder/server/utils/constants.js": {"path":"/Users/emsiri/work/destiny2-builder/server/utils/constants.js","statementMap":{"0":{"start":{"line":1,"column":24},"end":{"line":1,"column":27}},"1":{"start":{"line":2,"column":25},"end":{"line":2,"column":28}},"2":{"start":{"line":3,"column":34},"end":{"line":3,"column":37}},"3":{"start":{"line":5,"column":30},"end":{"line":5,"column":33}},"4":{"start":{"line":6,"column":27},"end":{"line":6,"column":42}},"5":{"start":{"line":7,"column":28},"end":{"line":7,"column":49}},"6":{"start":{"line":8,"column":27},"end":{"line":8,"column":48}}},"fnMap":{},"branchMap":{},"s":{"0":3,"1":3,"2":3,"3":3,"4":3,"5":3,"6":3},"f":{},"b":{},"inputSourceMap":null,"_coverageSchema":"1a1c01bbd47fc00a2c39e90264f33305004495a9","hash":"43f957b9eb7d667dd9436bfafe9a58defb832c68"}
,"/Users/emsiri/work/destiny2-builder/server/utils/utilities.js": {"path":"/Users/emsiri/work/destiny2-builder/server/utils/utilities.js","statementMap":{"0":{"start":{"line":2,"column":2},"end":{"line":2,"column":29}}},"fnMap":{"0":{"name":"convertHashes","decl":{"start":{"line":1,"column":16},"end":{"line":1,"column":29}},"loc":{"start":{"line":1,"column":36},"end":{"line":3,"column":1}},"line":1}},"branchMap":{},"s":{"0":18},"f":{"0":18},"b":{},"inputSourceMap":null,"_coverageSchema":"1a1c01bbd47fc00a2c39e90264f33305004495a9","hash":"e4d9846b13c8fa34900ef8b4617436d7ec2c2ee5"}
}
