TN:
SF:app.js
FN:10,(anonymous_0)
FN:14,(anonymous_1)
FNF:2
FNH:2
FNDA:1,(anonymous_0)
FNDA:2,(anonymous_1)
DA:5,1
DA:7,1
DA:8,1
DA:10,1
DA:11,1
DA:14,1
DA:15,2
DA:16,2
DA:17,1
DA:23,1
LF:10
LH:10
BRF:0
BRH:0
end_of_record
TN:
SF:controller.js
FN:3,parseEquippedItems
FN:8,(anonymous_1)
FNF:2
FNH:2
FNDA:2,parseEquippedItems
FNDA:17,(anonymous_1)
DA:4,2
DA:5,1
DA:8,1
DA:9,17
DA:11,1
LF:5
LH:5
BRF:0
BRH:0
end_of_record
TN:
SF:getEquippedImages.js
FN:5,getEquippedImages
FN:11,(anonymous_1)
FN:15,(anonymous_2)
FNF:3
FNH:3
FNDA:3,getEquippedImages
FNDA:17,(anonymous_1)
FNDA:17,(anonymous_2)
DA:6,3
DA:7,3
DA:8,3
DA:9,2
DA:10,1
DA:12,17
DA:15,1
DA:16,17
DA:17,17
DA:31,17
DA:33,1
DA:34,1
DA:36,2
LF:13
LH:13
BRF:0
BRH:0
end_of_record
TN:
SF:db/manifest.js
FN:5,openDb
FN:12,queryManifest
FN:19,closeDB
FNF:3
FNH:3
FNDA:3,openDb
FNDA:17,queryManifest
FNDA:1,closeDB
DA:3,3
DA:6,3
DA:13,17
DA:15,17
DA:16,17
DA:20,1
LF:6
LH:6
BRF:0
BRH:0
end_of_record
TN:
SF:http/http.js
FN:3,(anonymous_0)
FNF:1
FNH:1
FNDA:2,(anonymous_0)
DA:3,1
DA:4,2
DA:5,2
DA:11,2
DA:12,2
DA:14,0
LF:6
LH:5
BRF:0
BRH:0
end_of_record
TN:
SF:request/request.js
FN:7,getEquipmentFromChar
FN:20,getCharacterIDs
FN:29,getmembershipId
FN:35,getVaultItems
FNF:4
FNH:1
FNDA:3,getEquipmentFromChar
FNDA:0,getCharacterIDs
FNDA:0,getmembershipId
FNDA:0,getVaultItems
DA:3,3
DA:4,3
DA:5,3
DA:8,3
DA:9,3
DA:10,3
DA:14,2
DA:16,1
DA:21,0
DA:22,0
DA:26,0
DA:30,0
DA:31,0
DA:32,0
DA:36,0
DA:37,0
DA:41,0
LF:17
LH:8
BRF:0
BRH:0
end_of_record
TN:
SF:utils/constants.js
FNF:0
FNH:0
DA:1,3
DA:2,3
DA:3,3
DA:5,3
DA:6,3
DA:7,3
DA:8,3
LF:7
LH:7
BRF:0
BRH:0
end_of_record
TN:
SF:utils/utilities.js
FN:1,convertHashes
FNF:1
FNH:1
FNDA:18,convertHashes
DA:2,18
LF:1
LH:1
BRF:0
BRH:0
end_of_record
